<?xml version="1.0" encoding="UTF-8"?>
<!-- Generated by org.testng.reporters.JUnitReportReporter -->
<testsuite hostname="5D1S0B3" failures="0" tests="1" name="Com.Practice.Testng.testngpratice1" time="0.016" errors="0" timestamp="2023-12-24T19:50:46 IST" skipped="0">
  <testcase classname="Com.Practice.Testng.testngpratice1" name="practise" time="0.016"/>
</testsuite> <!-- Com.Practice.Testng.testngpratice1 -->
